<?xml version="1.0" encoding="UTF-8"?>
<!-- Generated by org.testng.reporters.JUnitReportReporter -->
<testsuite hostname="Amarendra" name="com.heyprescribe.testcase.PhysicianAvailabilityTest" tests="2" failures="0" timestamp="3 Nov 2020 07:50:05 GMT" time="102.878" errors="0">
  <testcase name="verifyAppointmentDateWhenDoctorIsOnleaveOnDayOne2" time="12.507" classname="com.heyprescribe.testcase.PhysicianAvailabilityTest"/>
  <testcase name="verifyAppointmentDateWhenDoctorIsOnleaveOnDayOne" time="90.371" classname="com.heyprescribe.testcase.PhysicianAvailabilityTest"/>
</testsuite> <!-- com.heyprescribe.testcase.PhysicianAvailabilityTest -->
